#! 
:ivl_version "13.0 (devel)" "(s20221226-116-g014416872)";
:ivl_delay_selection "TYPICAL";
:vpi_time_precision - 12;
:vpi_module "C:\Users\Diego\Desktop\DISENO~1\OSS-CA~1\lib\ivl\system.vpi";
:vpi_module "C:\Users\Diego\Desktop\DISENO~1\OSS-CA~1\lib\ivl\vhdl_sys.vpi";
:vpi_module "C:\Users\Diego\Desktop\DISENO~1\OSS-CA~1\lib\ivl\vhdl_textio.vpi";
:vpi_module "C:\Users\Diego\Desktop\DISENO~1\OSS-CA~1\lib\ivl\v2005_math.vpi";
:vpi_module "C:\Users\Diego\Desktop\DISENO~1\OSS-CA~1\lib\ivl\va_math.vpi";
:vpi_module "C:\Users\Diego\Desktop\DISENO~1\OSS-CA~1\lib\ivl\v2009.vpi";
S_00000000060d5dd0 .scope package, "$unit" "$unit" 2 1;
 .timescale 0 0;
S_00000000060d5f60 .scope module, "top_tb" "top_tb" 3 1;
 .timescale 0 0;
v000000000615a900_0 .net "ad", 0 0, L_000000000615df60;  1 drivers
v000000000615b440_0 .var "ag", 0 0;
v0000000006159be0_0 .net "au", 0 0, L_000000000615d880;  1 drivers
v0000000006159c80_0 .net "bd", 0 0, L_000000000615d4c0;  1 drivers
v000000000615b6c0_0 .var "bg", 0 0;
v000000000615b620_0 .net "bu", 0 0, L_000000000615db00;  1 drivers
v000000000615a360_0 .net "cd", 0 0, L_000000000615d560;  1 drivers
v000000000615ad60_0 .var "cg", 0 0;
v000000000615a180_0 .var "clk", 0 0;
v0000000006159fa0_0 .net "cu", 0 0, L_000000000615d100;  1 drivers
v000000000615aa40_0 .net "dd", 0 0, L_000000000615e000;  1 drivers
v000000000615a220_0 .var "dg", 0 0;
v000000000615a2c0_0 .net "du", 0 0, L_000000000615dce0;  1 drivers
v000000000615a9a0_0 .net "ed", 0 0, L_000000000615d600;  1 drivers
v000000000615a400_0 .net "eu", 0 0, L_000000000615dd80;  1 drivers
v000000000615b580_0 .net "fd", 0 0, L_000000000615e280;  1 drivers
v000000000615a4a0_0 .net "fu", 0 0, L_000000000615cd40;  1 drivers
v0000000006159820_0 .net "gd", 0 0, L_000000000615d920;  1 drivers
v000000000615ae00_0 .net "gu", 0 0, L_000000000615dec0;  1 drivers
v000000000615b080_0 .net "led", 3 0, L_000000000615d420;  1 drivers
S_00000000060d60f0 .scope module, "uut" "top" 3 9, 4 4 0, S_00000000060d5f60;
 .timescale -9 -12;
    .port_info 0 /INPUT 1 "clk";
    .port_info 1 /INPUT 1 "ag";
    .port_info 2 /INPUT 1 "bg";
    .port_info 3 /INPUT 1 "cg";
    .port_info 4 /INPUT 1 "dg";
    .port_info 5 /OUTPUT 4 "led";
    .port_info 6 /OUTPUT 1 "au";
    .port_info 7 /OUTPUT 1 "bu";
    .port_info 8 /OUTPUT 1 "cu";
    .port_info 9 /OUTPUT 1 "du";
    .port_info 10 /OUTPUT 1 "eu";
    .port_info 11 /OUTPUT 1 "fu";
    .port_info 12 /OUTPUT 1 "gu";
    .port_info 13 /OUTPUT 1 "ad";
    .port_info 14 /OUTPUT 1 "bd";
    .port_info 15 /OUTPUT 1 "cd";
    .port_info 16 /OUTPUT 1 "dd";
    .port_info 17 /OUTPUT 1 "ed";
    .port_info 18 /OUTPUT 1 "fd";
    .port_info 19 /OUTPUT 1 "gd";
v0000000006159390_0 .net "ab", 0 0, L_00000000060ebb20;  1 drivers
v00000000061585d0_0 .net "ad", 0 0, L_000000000615df60;  alias, 1 drivers
v0000000006157bd0_0 .net "ag", 0 0, v000000000615b440_0;  1 drivers
v0000000006157db0_0 .var "ag_ff1", 0 0;
v0000000006159430_0 .var "ag_sync", 0 0;
v0000000006157f90_0 .net "au", 0 0, L_000000000615d880;  alias, 1 drivers
v0000000006158670_0 .net "bb", 0 0, L_00000000060eb8f0;  1 drivers
v0000000006158850_0 .net "bd", 0 0, L_000000000615d4c0;  alias, 1 drivers
v0000000006158ad0_0 .net "bg", 0 0, v000000000615b6c0_0;  1 drivers
v0000000006158b70_0 .var "bg_ff1", 0 0;
v0000000006158210_0 .var "bg_sync", 0 0;
v0000000006158350_0 .net "binario", 3 0, L_000000000615a540;  1 drivers
v00000000061580d0_0 .net "bu", 0 0, L_000000000615db00;  alias, 1 drivers
v0000000006159610_0 .net "cb", 0 0, L_00000000060eafc0;  1 drivers
v0000000006157810_0 .net "cd", 0 0, L_000000000615d560;  alias, 1 drivers
v0000000006157950_0 .net "cg", 0 0, v000000000615ad60_0;  1 drivers
v0000000006159d20_0 .var "cg_ff1", 0 0;
v0000000006159aa0_0 .var "cg_sync", 0 0;
v0000000006159dc0_0 .net "clk", 0 0, v000000000615a180_0;  1 drivers
v000000000615a7c0_0 .net "cu", 0 0, L_000000000615d100;  alias, 1 drivers
v000000000615aea0_0 .net "db", 0 0, L_00000000060eba40;  1 drivers
v000000000615ac20_0 .net "dd", 0 0, L_000000000615e000;  alias, 1 drivers
v000000000615a0e0_0 .net "dg", 0 0, v000000000615a220_0;  1 drivers
v000000000615a860_0 .var "dg_ff1", 0 0;
v0000000006159e60_0 .var "dg_sync", 0 0;
v000000000615a040_0 .net "du", 0 0, L_000000000615dce0;  alias, 1 drivers
v000000000615b260_0 .net "ed", 0 0, L_000000000615d600;  alias, 1 drivers
v000000000615acc0_0 .net "eu", 0 0, L_000000000615dd80;  alias, 1 drivers
v000000000615b4e0_0 .net "fd", 0 0, L_000000000615e280;  alias, 1 drivers
v0000000006159b40_0 .net "fu", 0 0, L_000000000615cd40;  alias, 1 drivers
v0000000006159f00_0 .net "gd", 0 0, L_000000000615d920;  alias, 1 drivers
v00000000061598c0_0 .net "gu", 0 0, L_000000000615dec0;  alias, 1 drivers
v000000000615afe0_0 .net "led", 3 0, L_000000000615d420;  alias, 1 drivers
E_00000000060f17c0 .event posedge, v0000000006158030_0;
L_000000000615a540 .concat [ 1 1 1 1], L_00000000060eba40, L_00000000060eafc0, L_00000000060eb8f0, L_00000000060ebb20;
S_00000000060cd580 .scope module, "u_decoder" "decoder" 4 39, 5 1 0, S_00000000060d60f0;
 .timescale 0 0;
    .port_info 0 /INPUT 1 "ag";
    .port_info 1 /INPUT 1 "bg";
    .port_info 2 /INPUT 1 "cg";
    .port_info 3 /INPUT 1 "dg";
    .port_info 4 /OUTPUT 1 "ab";
    .port_info 5 /OUTPUT 1 "bb";
    .port_info 6 /OUTPUT 1 "cb";
    .port_info 7 /OUTPUT 1 "db";
L_00000000060ebb20 .functor BUFZ 1, v0000000006159430_0, C4<0>, C4<0>, C4<0>;
L_00000000060eb8f0 .functor XOR 1, v0000000006159430_0, v0000000006158210_0, C4<0>, C4<0>;
L_00000000060eb5e0 .functor XOR 1, v0000000006159430_0, v0000000006158210_0, C4<0>, C4<0>;
L_00000000060eafc0 .functor XOR 1, L_00000000060eb5e0, v0000000006159aa0_0, C4<0>, C4<0>;
L_00000000060eb420 .functor XOR 1, v0000000006159430_0, v0000000006158210_0, C4<0>, C4<0>;
L_00000000060eb9d0 .functor XOR 1, L_00000000060eb420, v0000000006159aa0_0, C4<0>, C4<0>;
L_00000000060eba40 .functor XOR 1, L_00000000060eb9d0, v0000000006159e60_0, C4<0>, C4<0>;
v00000000060e6c70_0 .net *"_ivl_10", 0 0, L_00000000060eb9d0;  1 drivers
v00000000060e7210_0 .net *"_ivl_4", 0 0, L_00000000060eb5e0;  1 drivers
v00000000060a0b90_0 .net *"_ivl_8", 0 0, L_00000000060eb420;  1 drivers
v0000000006154c90_0 .net "ab", 0 0, L_00000000060ebb20;  alias, 1 drivers
v0000000006154a10_0 .net "ag", 0 0, v0000000006159430_0;  1 drivers
v0000000006153c50_0 .net "bb", 0 0, L_00000000060eb8f0;  alias, 1 drivers
v00000000061540b0_0 .net "bg", 0 0, v0000000006158210_0;  1 drivers
v0000000006154830_0 .net "cb", 0 0, L_00000000060eafc0;  alias, 1 drivers
v0000000006154330_0 .net "cg", 0 0, v0000000006159aa0_0;  1 drivers
v0000000006154790_0 .net "db", 0 0, L_00000000060eba40;  alias, 1 drivers
v0000000006153a70_0 .net "dg", 0 0, v0000000006159e60_0;  1 drivers
S_00000000060cd710 .scope module, "u_module_leds" "module_leds" 4 49, 6 1 0, S_00000000060d60f0;
 .timescale 0 0;
    .port_info 0 /INPUT 4 "binario";
    .port_info 1 /OUTPUT 4 "led";
L_00000000060eb490 .functor OR 1, L_000000000615b300, L_000000000615b1c0, C4<0>, C4<0>;
L_00000000060ebab0 .functor OR 1, L_00000000060eb490, L_000000000615a5e0, C4<0>, C4<0>;
L_00000000060eb810 .functor OR 1, L_00000000060ebab0, L_000000000615aae0, C4<0>, C4<0>;
L_00000000060eb1f0 .functor OR 1, L_00000000060eb810, L_000000000615a680, C4<0>, C4<0>;
L_00000000060eaee0 .functor OR 1, L_00000000060eb1f0, L_000000000615a720, C4<0>, C4<0>;
L_00000000060eb730 .functor OR 1, L_00000000060eaee0, L_000000000615ab80, C4<0>, C4<0>;
L_00000000060eb500 .functor OR 1, L_00000000060eb730, L_000000000615b120, C4<0>, C4<0>;
L_00000000060eb030 .functor NOT 1, L_00000000060eb500, C4<0>, C4<0>, C4<0>;
L_00000000060eacb0 .functor OR 1, L_0000000006159a00, L_000000000615af40, C4<0>, C4<0>;
L_00000000060eb0a0 .functor OR 1, L_00000000060eacb0, L_000000000615b3a0, C4<0>, C4<0>;
L_00000000060eb3b0 .functor OR 1, L_00000000060eb0a0, L_0000000006159960, C4<0>, C4<0>;
L_00000000060eb2d0 .functor OR 1, L_00000000060eb3b0, L_000000000615e640, C4<0>, C4<0>;
L_00000000060eb650 .functor OR 1, L_00000000060eb2d0, L_000000000615ca20, C4<0>, C4<0>;
L_00000000061a85b0 .functor OR 1, L_00000000060eb650, L_000000000615d240, C4<0>, C4<0>;
L_00000000061a87e0 .functor OR 1, L_00000000061a85b0, L_000000000615d060, C4<0>, C4<0>;
L_00000000061a8b60 .functor NOT 1, L_00000000061a87e0, C4<0>, C4<0>, C4<0>;
L_00000000061a8e00 .functor OR 1, L_000000000615e6e0, L_000000000615cca0, C4<0>, C4<0>;
L_00000000061a83f0 .functor OR 1, L_00000000061a8e00, L_000000000615d2e0, C4<0>, C4<0>;
L_00000000061a8e70 .functor OR 1, L_00000000061a83f0, L_000000000615d380, C4<0>, C4<0>;
L_00000000061a80e0 .functor OR 1, L_00000000061a8e70, L_000000000615e1e0, C4<0>, C4<0>;
L_00000000061a8fc0 .functor OR 1, L_00000000061a80e0, L_000000000615dba0, C4<0>, C4<0>;
L_00000000061a88c0 .functor OR 1, L_00000000061a8fc0, L_000000000615d7e0, C4<0>, C4<0>;
L_00000000061a8bd0 .functor OR 1, L_00000000061a88c0, L_000000000615d1a0, C4<0>, C4<0>;
L_00000000061a89a0 .functor NOT 1, L_00000000061a8bd0, C4<0>, C4<0>, C4<0>;
L_00000000061a8620 .functor OR 1, L_000000000615e5a0, L_000000000615cc00, C4<0>, C4<0>;
L_00000000061a8700 .functor OR 1, L_00000000061a8620, L_000000000615cb60, C4<0>, C4<0>;
L_00000000061a8a10 .functor OR 1, L_00000000061a8700, L_000000000615dc40, C4<0>, C4<0>;
L_00000000061a8a80 .functor OR 1, L_00000000061a8a10, L_000000000615cac0, C4<0>, C4<0>;
L_00000000061a8af0 .functor OR 1, L_00000000061a8a80, L_000000000615c840, C4<0>, C4<0>;
L_00000000061a8c40 .functor OR 1, L_00000000061a8af0, L_000000000615e460, C4<0>, C4<0>;
L_00000000061a8cb0 .functor OR 1, L_00000000061a8c40, L_000000000615de20, C4<0>, C4<0>;
L_00000000061a8850 .functor NOT 1, L_00000000061a8cb0, C4<0>, C4<0>, C4<0>;
v0000000006154150_0 .net *"_ivl_10", 0 0, L_00000000060eb490;  1 drivers
L_0000000006160508 .functor BUFT 1, C4<0100>, C4<0>, C4<0>, C4<0>;
v00000000061552d0_0 .net/2u *"_ivl_102", 3 0, L_0000000006160508;  1 drivers
v00000000061548d0_0 .net *"_ivl_104", 0 0, L_000000000615e6e0;  1 drivers
L_0000000006160550 .functor BUFT 1, C4<0101>, C4<0>, C4<0>, C4<0>;
v0000000006153bb0_0 .net/2u *"_ivl_106", 3 0, L_0000000006160550;  1 drivers
v00000000061545b0_0 .net *"_ivl_108", 0 0, L_000000000615cca0;  1 drivers
v0000000006155190_0 .net *"_ivl_110", 0 0, L_00000000061a8e00;  1 drivers
L_0000000006160598 .functor BUFT 1, C4<0111>, C4<0>, C4<0>, C4<0>;
v0000000006153cf0_0 .net/2u *"_ivl_112", 3 0, L_0000000006160598;  1 drivers
v00000000061541f0_0 .net *"_ivl_114", 0 0, L_000000000615d2e0;  1 drivers
v0000000006153f70_0 .net *"_ivl_116", 0 0, L_00000000061a83f0;  1 drivers
L_00000000061605e0 .functor BUFT 1, C4<0110>, C4<0>, C4<0>, C4<0>;
v0000000006154bf0_0 .net/2u *"_ivl_118", 3 0, L_00000000061605e0;  1 drivers
L_0000000006160118 .functor BUFT 1, C4<0101>, C4<0>, C4<0>, C4<0>;
v0000000006154dd0_0 .net/2u *"_ivl_12", 3 0, L_0000000006160118;  1 drivers
v0000000006155550_0 .net *"_ivl_120", 0 0, L_000000000615d380;  1 drivers
v0000000006154970_0 .net *"_ivl_122", 0 0, L_00000000061a8e70;  1 drivers
L_0000000006160628 .functor BUFT 1, C4<1100>, C4<0>, C4<0>, C4<0>;
v0000000006154ab0_0 .net/2u *"_ivl_124", 3 0, L_0000000006160628;  1 drivers
v00000000061555f0_0 .net *"_ivl_126", 0 0, L_000000000615e1e0;  1 drivers
v0000000006153d90_0 .net *"_ivl_128", 0 0, L_00000000061a80e0;  1 drivers
L_0000000006160670 .functor BUFT 1, C4<1101>, C4<0>, C4<0>, C4<0>;
v00000000061539d0_0 .net/2u *"_ivl_130", 3 0, L_0000000006160670;  1 drivers
v0000000006153890_0 .net *"_ivl_132", 0 0, L_000000000615dba0;  1 drivers
v0000000006153b10_0 .net *"_ivl_134", 0 0, L_00000000061a8fc0;  1 drivers
L_00000000061606b8 .functor BUFT 1, C4<1111>, C4<0>, C4<0>, C4<0>;
v0000000006153e30_0 .net/2u *"_ivl_136", 3 0, L_00000000061606b8;  1 drivers
v0000000006153930_0 .net *"_ivl_138", 0 0, L_000000000615d7e0;  1 drivers
v0000000006154fb0_0 .net *"_ivl_14", 0 0, L_000000000615a5e0;  1 drivers
v0000000006154f10_0 .net *"_ivl_140", 0 0, L_00000000061a88c0;  1 drivers
L_0000000006160700 .functor BUFT 1, C4<1110>, C4<0>, C4<0>, C4<0>;
v0000000006154b50_0 .net/2u *"_ivl_142", 3 0, L_0000000006160700;  1 drivers
v0000000006154d30_0 .net *"_ivl_144", 0 0, L_000000000615d1a0;  1 drivers
v0000000006155050_0 .net *"_ivl_146", 0 0, L_00000000061a8bd0;  1 drivers
v0000000006154290_0 .net *"_ivl_148", 0 0, L_00000000061a89a0;  1 drivers
L_0000000006160748 .functor BUFT 1, C4<1000>, C4<0>, C4<0>, C4<0>;
v0000000006153ed0_0 .net/2u *"_ivl_153", 3 0, L_0000000006160748;  1 drivers
v00000000061543d0_0 .net *"_ivl_155", 0 0, L_000000000615e5a0;  1 drivers
L_0000000006160790 .functor BUFT 1, C4<1101>, C4<0>, C4<0>, C4<0>;
v0000000006154010_0 .net/2u *"_ivl_157", 3 0, L_0000000006160790;  1 drivers
v0000000006154470_0 .net *"_ivl_159", 0 0, L_000000000615cc00;  1 drivers
v0000000006154510_0 .net *"_ivl_16", 0 0, L_00000000060ebab0;  1 drivers
v0000000006154650_0 .net *"_ivl_161", 0 0, L_00000000061a8620;  1 drivers
L_00000000061607d8 .functor BUFT 1, C4<1001>, C4<0>, C4<0>, C4<0>;
v00000000061546f0_0 .net/2u *"_ivl_163", 3 0, L_00000000061607d8;  1 drivers
v0000000006154e70_0 .net *"_ivl_165", 0 0, L_000000000615cb60;  1 drivers
v00000000061550f0_0 .net *"_ivl_167", 0 0, L_00000000061a8700;  1 drivers
L_0000000006160820 .functor BUFT 1, C4<1010>, C4<0>, C4<0>, C4<0>;
v0000000006155230_0 .net/2u *"_ivl_169", 3 0, L_0000000006160820;  1 drivers
v0000000006155370_0 .net *"_ivl_171", 0 0, L_000000000615dc40;  1 drivers
v0000000006155410_0 .net *"_ivl_173", 0 0, L_00000000061a8a10;  1 drivers
L_0000000006160868 .functor BUFT 1, C4<1011>, C4<0>, C4<0>, C4<0>;
v00000000061554b0_0 .net/2u *"_ivl_175", 3 0, L_0000000006160868;  1 drivers
v0000000006155690_0 .net *"_ivl_177", 0 0, L_000000000615cac0;  1 drivers
v00000000061537f0_0 .net *"_ivl_179", 0 0, L_00000000061a8a80;  1 drivers
L_0000000006160160 .functor BUFT 1, C4<0111>, C4<0>, C4<0>, C4<0>;
v0000000006156480_0 .net/2u *"_ivl_18", 3 0, L_0000000006160160;  1 drivers
L_00000000061608b0 .functor BUFT 1, C4<1100>, C4<0>, C4<0>, C4<0>;
v0000000006155d00_0 .net/2u *"_ivl_181", 3 0, L_00000000061608b0;  1 drivers
v0000000006156660_0 .net *"_ivl_183", 0 0, L_000000000615c840;  1 drivers
v0000000006156a20_0 .net *"_ivl_185", 0 0, L_00000000061a8af0;  1 drivers
L_00000000061608f8 .functor BUFT 1, C4<1110>, C4<0>, C4<0>, C4<0>;
v0000000006156980_0 .net/2u *"_ivl_187", 3 0, L_00000000061608f8;  1 drivers
v0000000006157600_0 .net *"_ivl_189", 0 0, L_000000000615e460;  1 drivers
v0000000006155c60_0 .net *"_ivl_191", 0 0, L_00000000061a8c40;  1 drivers
L_0000000006160940 .functor BUFT 1, C4<1111>, C4<0>, C4<0>, C4<0>;
v00000000061576a0_0 .net/2u *"_ivl_193", 3 0, L_0000000006160940;  1 drivers
v0000000006157560_0 .net *"_ivl_195", 0 0, L_000000000615de20;  1 drivers
v0000000006156d40_0 .net *"_ivl_197", 0 0, L_00000000061a8cb0;  1 drivers
v00000000061565c0_0 .net *"_ivl_199", 0 0, L_00000000061a8850;  1 drivers
L_0000000006160088 .functor BUFT 1, C4<0001>, C4<0>, C4<0>, C4<0>;
v0000000006155b20_0 .net/2u *"_ivl_2", 3 0, L_0000000006160088;  1 drivers
v00000000061559e0_0 .net *"_ivl_20", 0 0, L_000000000615aae0;  1 drivers
v0000000006156ca0_0 .net *"_ivl_22", 0 0, L_00000000060eb810;  1 drivers
L_00000000061601a8 .functor BUFT 1, C4<1001>, C4<0>, C4<0>, C4<0>;
v0000000006155a80_0 .net/2u *"_ivl_24", 3 0, L_00000000061601a8;  1 drivers
v0000000006156340_0 .net *"_ivl_26", 0 0, L_000000000615a680;  1 drivers
v00000000061571a0_0 .net *"_ivl_28", 0 0, L_00000000060eb1f0;  1 drivers
L_00000000061601f0 .functor BUFT 1, C4<1011>, C4<0>, C4<0>, C4<0>;
v0000000006156e80_0 .net/2u *"_ivl_30", 3 0, L_00000000061601f0;  1 drivers
v0000000006156200_0 .net *"_ivl_32", 0 0, L_000000000615a720;  1 drivers
v00000000061562a0_0 .net *"_ivl_34", 0 0, L_00000000060eaee0;  1 drivers
L_0000000006160238 .functor BUFT 1, C4<1101>, C4<0>, C4<0>, C4<0>;
v0000000006155e40_0 .net/2u *"_ivl_36", 3 0, L_0000000006160238;  1 drivers
v0000000006156fc0_0 .net *"_ivl_38", 0 0, L_000000000615ab80;  1 drivers
v0000000006156700_0 .net *"_ivl_4", 0 0, L_000000000615b300;  1 drivers
v00000000061563e0_0 .net *"_ivl_40", 0 0, L_00000000060eb730;  1 drivers
L_0000000006160280 .functor BUFT 1, C4<1111>, C4<0>, C4<0>, C4<0>;
v0000000006157060_0 .net/2u *"_ivl_42", 3 0, L_0000000006160280;  1 drivers
v0000000006156b60_0 .net *"_ivl_44", 0 0, L_000000000615b120;  1 drivers
v0000000006155da0_0 .net *"_ivl_46", 0 0, L_00000000060eb500;  1 drivers
v0000000006156f20_0 .net *"_ivl_48", 0 0, L_00000000060eb030;  1 drivers
L_00000000061602c8 .functor BUFT 1, C4<0010>, C4<0>, C4<0>, C4<0>;
v0000000006156520_0 .net/2u *"_ivl_52", 3 0, L_00000000061602c8;  1 drivers
v00000000061567a0_0 .net *"_ivl_54", 0 0, L_0000000006159a00;  1 drivers
L_0000000006160310 .functor BUFT 1, C4<0011>, C4<0>, C4<0>, C4<0>;
v0000000006155ee0_0 .net/2u *"_ivl_56", 3 0, L_0000000006160310;  1 drivers
v0000000006156840_0 .net *"_ivl_58", 0 0, L_000000000615af40;  1 drivers
L_00000000061600d0 .functor BUFT 1, C4<0011>, C4<0>, C4<0>, C4<0>;
v00000000061568e0_0 .net/2u *"_ivl_6", 3 0, L_00000000061600d0;  1 drivers
v00000000061574c0_0 .net *"_ivl_60", 0 0, L_00000000060eacb0;  1 drivers
L_0000000006160358 .functor BUFT 1, C4<0110>, C4<0>, C4<0>, C4<0>;
v0000000006156ac0_0 .net/2u *"_ivl_62", 3 0, L_0000000006160358;  1 drivers
v00000000061558a0_0 .net *"_ivl_64", 0 0, L_000000000615b3a0;  1 drivers
v0000000006157100_0 .net *"_ivl_66", 0 0, L_00000000060eb0a0;  1 drivers
L_00000000061603a0 .functor BUFT 1, C4<0111>, C4<0>, C4<0>, C4<0>;
v0000000006156c00_0 .net/2u *"_ivl_68", 3 0, L_00000000061603a0;  1 drivers
v0000000006156de0_0 .net *"_ivl_70", 0 0, L_0000000006159960;  1 drivers
v0000000006155800_0 .net *"_ivl_72", 0 0, L_00000000060eb3b0;  1 drivers
L_00000000061603e8 .functor BUFT 1, C4<1010>, C4<0>, C4<0>, C4<0>;
v0000000006155f80_0 .net/2u *"_ivl_74", 3 0, L_00000000061603e8;  1 drivers
v0000000006157240_0 .net *"_ivl_76", 0 0, L_000000000615e640;  1 drivers
v00000000061572e0_0 .net *"_ivl_78", 0 0, L_00000000060eb2d0;  1 drivers
v0000000006157380_0 .net *"_ivl_8", 0 0, L_000000000615b1c0;  1 drivers
L_0000000006160430 .functor BUFT 1, C4<1011>, C4<0>, C4<0>, C4<0>;
v0000000006156020_0 .net/2u *"_ivl_80", 3 0, L_0000000006160430;  1 drivers
v00000000061560c0_0 .net *"_ivl_82", 0 0, L_000000000615ca20;  1 drivers
v0000000006157420_0 .net *"_ivl_84", 0 0, L_00000000060eb650;  1 drivers
L_0000000006160478 .functor BUFT 1, C4<1110>, C4<0>, C4<0>, C4<0>;
v0000000006155940_0 .net/2u *"_ivl_86", 3 0, L_0000000006160478;  1 drivers
v0000000006155bc0_0 .net *"_ivl_88", 0 0, L_000000000615d240;  1 drivers
v0000000006156160_0 .net *"_ivl_90", 0 0, L_00000000061a85b0;  1 drivers
L_00000000061604c0 .functor BUFT 1, C4<1111>, C4<0>, C4<0>, C4<0>;
v00000000061596b0_0 .net/2u *"_ivl_92", 3 0, L_00000000061604c0;  1 drivers
v0000000006157e50_0 .net *"_ivl_94", 0 0, L_000000000615d060;  1 drivers
v0000000006158490_0 .net *"_ivl_96", 0 0, L_00000000061a87e0;  1 drivers
v0000000006158df0_0 .net *"_ivl_98", 0 0, L_00000000061a8b60;  1 drivers
v0000000006159570_0 .net "binario", 3 0, L_000000000615a540;  alias, 1 drivers
v00000000061591b0_0 .net "led", 3 0, L_000000000615d420;  alias, 1 drivers
L_000000000615b300 .cmp/eq 4, L_000000000615a540, L_0000000006160088;
L_000000000615b1c0 .cmp/eq 4, L_000000000615a540, L_00000000061600d0;
L_000000000615a5e0 .cmp/eq 4, L_000000000615a540, L_0000000006160118;
L_000000000615aae0 .cmp/eq 4, L_000000000615a540, L_0000000006160160;
L_000000000615a680 .cmp/eq 4, L_000000000615a540, L_00000000061601a8;
L_000000000615a720 .cmp/eq 4, L_000000000615a540, L_00000000061601f0;
L_000000000615ab80 .cmp/eq 4, L_000000000615a540, L_0000000006160238;
L_000000000615b120 .cmp/eq 4, L_000000000615a540, L_0000000006160280;
L_0000000006159a00 .cmp/eq 4, L_000000000615a540, L_00000000061602c8;
L_000000000615af40 .cmp/eq 4, L_000000000615a540, L_0000000006160310;
L_000000000615b3a0 .cmp/eq 4, L_000000000615a540, L_0000000006160358;
L_0000000006159960 .cmp/eq 4, L_000000000615a540, L_00000000061603a0;
L_000000000615e640 .cmp/eq 4, L_000000000615a540, L_00000000061603e8;
L_000000000615ca20 .cmp/eq 4, L_000000000615a540, L_0000000006160430;
L_000000000615d240 .cmp/eq 4, L_000000000615a540, L_0000000006160478;
L_000000000615d060 .cmp/eq 4, L_000000000615a540, L_00000000061604c0;
L_000000000615e6e0 .cmp/eq 4, L_000000000615a540, L_0000000006160508;
L_000000000615cca0 .cmp/eq 4, L_000000000615a540, L_0000000006160550;
L_000000000615d2e0 .cmp/eq 4, L_000000000615a540, L_0000000006160598;
L_000000000615d380 .cmp/eq 4, L_000000000615a540, L_00000000061605e0;
L_000000000615e1e0 .cmp/eq 4, L_000000000615a540, L_0000000006160628;
L_000000000615dba0 .cmp/eq 4, L_000000000615a540, L_0000000006160670;
L_000000000615d7e0 .cmp/eq 4, L_000000000615a540, L_00000000061606b8;
L_000000000615d1a0 .cmp/eq 4, L_000000000615a540, L_0000000006160700;
L_000000000615d420 .concat8 [ 1 1 1 1], L_00000000060eb030, L_00000000061a8b60, L_00000000061a89a0, L_00000000061a8850;
L_000000000615e5a0 .cmp/eq 4, L_000000000615a540, L_0000000006160748;
L_000000000615cc00 .cmp/eq 4, L_000000000615a540, L_0000000006160790;
L_000000000615cb60 .cmp/eq 4, L_000000000615a540, L_00000000061607d8;
L_000000000615dc40 .cmp/eq 4, L_000000000615a540, L_0000000006160820;
L_000000000615cac0 .cmp/eq 4, L_000000000615a540, L_0000000006160868;
L_000000000615c840 .cmp/eq 4, L_000000000615a540, L_00000000061608b0;
L_000000000615e460 .cmp/eq 4, L_000000000615a540, L_00000000061608f8;
L_000000000615de20 .cmp/eq 4, L_000000000615a540, L_0000000006160940;
S_00000000060c72d0 .scope module, "u_module_seg" "module_seg" 4 57, 7 3 0, S_00000000060d60f0;
 .timescale 0 0;
    .port_info 0 /INPUT 1 "clk";
    .port_info 1 /INPUT 1 "A";
    .port_info 2 /INPUT 1 "B";
    .port_info 3 /INPUT 1 "C";
    .port_info 4 /INPUT 1 "D";
    .port_info 5 /OUTPUT 1 "au";
    .port_info 6 /OUTPUT 1 "bu";
    .port_info 7 /OUTPUT 1 "cu";
    .port_info 8 /OUTPUT 1 "du";
    .port_info 9 /OUTPUT 1 "eu";
    .port_info 10 /OUTPUT 1 "fu";
    .port_info 11 /OUTPUT 1 "gu";
    .port_info 12 /OUTPUT 1 "ad";
    .port_info 13 /OUTPUT 1 "bd";
    .port_info 14 /OUTPUT 1 "cd";
    .port_info 15 /OUTPUT 1 "dd";
    .port_info 16 /OUTPUT 1 "ed";
    .port_info 17 /OUTPUT 1 "fd";
    .port_info 18 /OUTPUT 1 "gd";
P_00000000060f18c0 .param/l "ACTIVE_HIGH_SEG" 0 7 4, C4<1>;
v0000000006159250_0 .net "A", 0 0, L_00000000060ebb20;  alias, 1 drivers
v0000000006159070_0 .net "B", 0 0, L_00000000060eb8f0;  alias, 1 drivers
v0000000006158c10_0 .net "C", 0 0, L_00000000060eafc0;  alias, 1 drivers
v00000000061588f0_0 .net "D", 0 0, L_00000000060eba40;  alias, 1 drivers
v0000000006159110_0 .net *"_ivl_19", 6 0, v0000000006157c70_0;  1 drivers
v0000000006158990_0 .net *"_ivl_9", 6 0, v0000000006157b30_0;  1 drivers
v00000000061594d0_0 .net "ad", 0 0, L_000000000615df60;  alias, 1 drivers
v0000000006158530_0 .net "au", 0 0, L_000000000615d880;  alias, 1 drivers
v00000000061579f0_0 .net "bd", 0 0, L_000000000615d4c0;  alias, 1 drivers
v00000000061582b0_0 .net "bu", 0 0, L_000000000615db00;  alias, 1 drivers
v0000000006157a90_0 .net "cd", 0 0, L_000000000615d560;  alias, 1 drivers
v0000000006158030_0 .net "clk", 0 0, v000000000615a180_0;  alias, 1 drivers
v0000000006157ef0_0 .net "cu", 0 0, L_000000000615d100;  alias, 1 drivers
v00000000061587b0_0 .var "d7", 6 0;
v0000000006157c70_0 .var "d_drive", 6 0;
v0000000006158170_0 .net "dd", 0 0, L_000000000615e000;  alias, 1 drivers
v00000000061592f0_0 .net "du", 0 0, L_000000000615dce0;  alias, 1 drivers
v0000000006158e90_0 .net "ed", 0 0, L_000000000615d600;  alias, 1 drivers
v0000000006158d50_0 .net "eu", 0 0, L_000000000615dd80;  alias, 1 drivers
v00000000061583f0_0 .net "fd", 0 0, L_000000000615e280;  alias, 1 drivers
v00000000061578b0_0 .net "fu", 0 0, L_000000000615cd40;  alias, 1 drivers
v0000000006158cb0_0 .net "gd", 0 0, L_000000000615d920;  alias, 1 drivers
v0000000006158f30_0 .net "gu", 0 0, L_000000000615dec0;  alias, 1 drivers
v0000000006158710_0 .var "u7", 6 0;
v0000000006157b30_0 .var "u_drive", 6 0;
L_000000000615d880 .part v0000000006157b30_0, 6, 1;
L_000000000615db00 .part v0000000006157b30_0, 5, 1;
L_000000000615d100 .part v0000000006157b30_0, 4, 1;
L_000000000615dce0 .part v0000000006157b30_0, 3, 1;
L_000000000615dd80 .part v0000000006157b30_0, 2, 1;
L_000000000615cd40 .part v0000000006157b30_0, 1, 1;
L_000000000615dec0 .part v0000000006157b30_0, 0, 1;
L_000000000615df60 .part v0000000006157c70_0, 6, 1;
L_000000000615d4c0 .part v0000000006157c70_0, 5, 1;
L_000000000615d560 .part v0000000006157c70_0, 4, 1;
L_000000000615e000 .part v0000000006157c70_0, 3, 1;
L_000000000615d600 .part v0000000006157c70_0, 2, 1;
L_000000000615e280 .part v0000000006157c70_0, 1, 1;
L_000000000615d920 .part v0000000006157c70_0, 0, 1;
S_00000000060c75a0 .scope autofunction.vec4.s7, "seg7" "seg7" 7 13, 7 13 0, S_00000000060c72d0;
 .timescale 0 0;
; Variable seg7 is vec4 return value of scope S_00000000060c75a0
v0000000006157d10_0 .var "x", 3 0;
TD_top_tb.uut.u_module_seg.seg7 ;
    %load/vec4 v0000000006157d10_0;
    %dup/vec4;
    %pushi/vec4 0, 0, 4;
    %cmp/u;
    %jmp/1 T_0.0, 6;
    %dup/vec4;
    %pushi/vec4 1, 0, 4;
    %cmp/u;
    %jmp/1 T_0.1, 6;
    %dup/vec4;
    %pushi/vec4 2, 0, 4;
    %cmp/u;
    %jmp/1 T_0.2, 6;
    %dup/vec4;
    %pushi/vec4 3, 0, 4;
    %cmp/u;
    %jmp/1 T_0.3, 6;
    %dup/vec4;
    %pushi/vec4 4, 0, 4;
    %cmp/u;
    %jmp/1 T_0.4, 6;
    %dup/vec4;
    %pushi/vec4 5, 0, 4;
    %cmp/u;
    %jmp/1 T_0.5, 6;
    %dup/vec4;
    %pushi/vec4 6, 0, 4;
    %cmp/u;
    %jmp/1 T_0.6, 6;
    %dup/vec4;
    %pushi/vec4 7, 0, 4;
    %cmp/u;
    %jmp/1 T_0.7, 6;
    %dup/vec4;
    %pushi/vec4 8, 0, 4;
    %cmp/u;
    %jmp/1 T_0.8, 6;
    %dup/vec4;
    %pushi/vec4 9, 0, 4;
    %cmp/u;
    %jmp/1 T_0.9, 6;
    %pushi/vec4 1, 0, 7;
    %ret/vec4 0, 0, 7;  Assign to seg7 (store_vec4_to_lval)
    %jmp T_0.11;
T_0.0 ;
    %pushi/vec4 126, 0, 7;
    %ret/vec4 0, 0, 7;  Assign to seg7 (store_vec4_to_lval)
    %jmp T_0.11;
T_0.1 ;
    %pushi/vec4 48, 0, 7;
    %ret/vec4 0, 0, 7;  Assign to seg7 (store_vec4_to_lval)
    %jmp T_0.11;
T_0.2 ;
    %pushi/vec4 109, 0, 7;
    %ret/vec4 0, 0, 7;  Assign to seg7 (store_vec4_to_lval)
    %jmp T_0.11;
T_0.3 ;
    %pushi/vec4 121, 0, 7;
    %ret/vec4 0, 0, 7;  Assign to seg7 (store_vec4_to_lval)
    %jmp T_0.11;
T_0.4 ;
    %pushi/vec4 51, 0, 7;
    %ret/vec4 0, 0, 7;  Assign to seg7 (store_vec4_to_lval)
    %jmp T_0.11;
T_0.5 ;
    %pushi/vec4 91, 0, 7;
    %ret/vec4 0, 0, 7;  Assign to seg7 (store_vec4_to_lval)
    %jmp T_0.11;
T_0.6 ;
    %pushi/vec4 95, 0, 7;
    %ret/vec4 0, 0, 7;  Assign to seg7 (store_vec4_to_lval)
    %jmp T_0.11;
T_0.7 ;
    %pushi/vec4 112, 0, 7;
    %ret/vec4 0, 0, 7;  Assign to seg7 (store_vec4_to_lval)
    %jmp T_0.11;
T_0.8 ;
    %pushi/vec4 127, 0, 7;
    %ret/vec4 0, 0, 7;  Assign to seg7 (store_vec4_to_lval)
    %jmp T_0.11;
T_0.9 ;
    %pushi/vec4 123, 0, 7;
    %ret/vec4 0, 0, 7;  Assign to seg7 (store_vec4_to_lval)
    %jmp T_0.11;
T_0.11 ;
    %pop/vec4 1;
    %end;
    .scope S_00000000060c72d0;
T_1 ;
    %alloc S_00000000060c75a0;
    %load/vec4 v0000000006159250_0;
    %load/vec4 v0000000006159070_0;
    %concat/vec4; draw_concat_vec4
    %load/vec4 v0000000006158c10_0;
    %concat/vec4; draw_concat_vec4
    %load/vec4 v00000000061588f0_0;
    %concat/vec4; draw_concat_vec4
    %store/vec4 v0000000006157d10_0, 0, 4;
    %callf/vec4 TD_top_tb.uut.u_module_seg.seg7, S_00000000060c75a0;
    %free S_00000000060c75a0;
    %store/vec4 v0000000006158710_0, 0, 7;
    %load/vec4 v0000000006158710_0;
    %store/vec4 v00000000061587b0_0, 0, 7;
    %load/vec4 v0000000006158710_0;
    %store/vec4 v0000000006157b30_0, 0, 7;
    %load/vec4 v00000000061587b0_0;
    %store/vec4 v0000000006157c70_0, 0, 7;
    %end;
    .thread T_1, $init;
    .scope S_00000000060d60f0;
T_2 ;
    %wait E_00000000060f17c0;
    %load/vec4 v0000000006157bd0_0;
    %assign/vec4 v0000000006157db0_0, 0;
    %load/vec4 v0000000006157db0_0;
    %assign/vec4 v0000000006159430_0, 0;
    %load/vec4 v0000000006158ad0_0;
    %assign/vec4 v0000000006158b70_0, 0;
    %load/vec4 v0000000006158b70_0;
    %assign/vec4 v0000000006158210_0, 0;
    %load/vec4 v0000000006157950_0;
    %assign/vec4 v0000000006159d20_0, 0;
    %load/vec4 v0000000006159d20_0;
    %assign/vec4 v0000000006159aa0_0, 0;
    %load/vec4 v000000000615a0e0_0;
    %assign/vec4 v000000000615a860_0, 0;
    %load/vec4 v000000000615a860_0;
    %assign/vec4 v0000000006159e60_0, 0;
    %jmp T_2;
    .thread T_2;
    .scope S_00000000060d5f60;
T_3 ;
    %pushi/vec4 1, 0, 1;
    %store/vec4 v000000000615a180_0, 0, 1;
    %delay 658067456, 1164;
    %pushi/vec4 0, 0, 1;
    %store/vec4 v000000000615a180_0, 0, 1;
    %delay 658067456, 1164;
    %jmp T_3;
    .thread T_3;
    .scope S_00000000060d5f60;
T_4 ;
    %pushi/vec4 0, 0, 1;
    %store/vec4 v000000000615b440_0, 0, 1;
    %pushi/vec4 0, 0, 1;
    %store/vec4 v000000000615b6c0_0, 0, 1;
    %pushi/vec4 0, 0, 1;
    %store/vec4 v000000000615ad60_0, 0, 1;
    %pushi/vec4 0, 0, 1;
    %store/vec4 v000000000615a220_0, 0, 1;
    %delay 1316134912, 2328;
    %pushi/vec4 1, 0, 1;
    %store/vec4 v000000000615b440_0, 0, 1;
    %pushi/vec4 0, 0, 1;
    %store/vec4 v000000000615b6c0_0, 0, 1;
    %pushi/vec4 0, 0, 1;
    %store/vec4 v000000000615ad60_0, 0, 1;
    %pushi/vec4 0, 0, 1;
    %store/vec4 v000000000615a220_0, 0, 1;
    %delay 1316134912, 2328;
    %pushi/vec4 0, 0, 1;
    %store/vec4 v000000000615b440_0, 0, 1;
    %pushi/vec4 1, 0, 1;
    %store/vec4 v000000000615b6c0_0, 0, 1;
    %pushi/vec4 0, 0, 1;
    %store/vec4 v000000000615ad60_0, 0, 1;
    %pushi/vec4 0, 0, 1;
    %store/vec4 v000000000615a220_0, 0, 1;
    %delay 1316134912, 2328;
    %pushi/vec4 0, 0, 1;
    %store/vec4 v000000000615b440_0, 0, 1;
    %pushi/vec4 0, 0, 1;
    %store/vec4 v000000000615b6c0_0, 0, 1;
    %pushi/vec4 1, 0, 1;
    %store/vec4 v000000000615ad60_0, 0, 1;
    %pushi/vec4 0, 0, 1;
    %store/vec4 v000000000615a220_0, 0, 1;
    %delay 1316134912, 2328;
    %pushi/vec4 0, 0, 1;
    %store/vec4 v000000000615b440_0, 0, 1;
    %pushi/vec4 0, 0, 1;
    %store/vec4 v000000000615b6c0_0, 0, 1;
    %pushi/vec4 0, 0, 1;
    %store/vec4 v000000000615ad60_0, 0, 1;
    %pushi/vec4 1, 0, 1;
    %store/vec4 v000000000615a220_0, 0, 1;
    %delay 1316134912, 2328;
    %pushi/vec4 1, 0, 1;
    %store/vec4 v000000000615b440_0, 0, 1;
    %pushi/vec4 1, 0, 1;
    %store/vec4 v000000000615b6c0_0, 0, 1;
    %pushi/vec4 0, 0, 1;
    %store/vec4 v000000000615ad60_0, 0, 1;
    %pushi/vec4 0, 0, 1;
    %store/vec4 v000000000615a220_0, 0, 1;
    %delay 1316134912, 2328;
    %pushi/vec4 1, 0, 1;
    %store/vec4 v000000000615b440_0, 0, 1;
    %pushi/vec4 1, 0, 1;
    %store/vec4 v000000000615b6c0_0, 0, 1;
    %pushi/vec4 1, 0, 1;
    %store/vec4 v000000000615ad60_0, 0, 1;
    %pushi/vec4 0, 0, 1;
    %store/vec4 v000000000615a220_0, 0, 1;
    %delay 1316134912, 2328;
    %pushi/vec4 1, 0, 1;
    %store/vec4 v000000000615b440_0, 0, 1;
    %pushi/vec4 1, 0, 1;
    %store/vec4 v000000000615b6c0_0, 0, 1;
    %pushi/vec4 1, 0, 1;
    %store/vec4 v000000000615ad60_0, 0, 1;
    %pushi/vec4 1, 0, 1;
    %store/vec4 v000000000615a220_0, 0, 1;
    %delay 1316134912, 2328;
    %pushi/vec4 0, 0, 1;
    %store/vec4 v000000000615b440_0, 0, 1;
    %pushi/vec4 0, 0, 1;
    %store/vec4 v000000000615b6c0_0, 0, 1;
    %pushi/vec4 0, 0, 1;
    %store/vec4 v000000000615ad60_0, 0, 1;
    %pushi/vec4 0, 0, 1;
    %store/vec4 v000000000615a220_0, 0, 1;
    %delay 1316134912, 2328;
    %vpi_call/w 3 64 "$finish" {0 0 0};
    %end;
    .thread T_4;
    .scope S_00000000060d5f60;
T_5 ;
    %vpi_call/w 3 68 "$monitor", "Time = %0t | led = %b | au = %b, bu = %b, cu = %b, du = %b, eu = %b, fu = %b, gu = %b", $time, v000000000615b080_0, v0000000006159be0_0, v000000000615b620_0, v0000000006159fa0_0, v000000000615a2c0_0, v000000000615a400_0, v000000000615a4a0_0, v000000000615ae00_0 {0 0 0};
    %end;
    .thread T_5;
# The file index is used to find the file name in the following table.
:file_names 8;
    "N/A";
    "<interactive>";
    "-";
    "tb/module_top_tb.sv";
    "src/top.sv";
    "src/module_decoder.sv";
    "src/module_leds.sv";
    "src/module_seg.sv";
